0 info it worked if it ends with ok
1 verbose cli [ 'node', '/usr/local/bin/npm', 'install', 'asycn', '--save' ]
2 info using npm@1.4.28
3 info using node@v0.10.40
4 warn package.json rss_monitor@0.0.1 No repository field.
5 verbose readDependencies using package.json deps
6 verbose cache add [ 'asycn', null ]
7 verbose cache add name=undefined spec="asycn" args=["asycn",null]
8 verbose parsed url { protocol: null,
8 verbose parsed url   slashes: null,
8 verbose parsed url   auth: null,
8 verbose parsed url   host: null,
8 verbose parsed url   port: null,
8 verbose parsed url   hostname: null,
8 verbose parsed url   hash: null,
8 verbose parsed url   search: null,
8 verbose parsed url   query: null,
8 verbose parsed url   pathname: 'asycn',
8 verbose parsed url   path: 'asycn',
8 verbose parsed url   href: 'asycn' }
9 silly lockFile 9ce4d638-asycn asycn
10 verbose lock asycn /Users/danbreczinski/.npm/9ce4d638-asycn.lock
11 silly lockFile 9ce4d638-asycn asycn
12 silly lockFile 9ce4d638-asycn asycn
13 verbose addNamed [ 'asycn', '' ]
14 verbose addNamed [ null, '*' ]
15 silly lockFile 1ed52b26-asycn asycn@
16 verbose lock asycn@ /Users/danbreczinski/.npm/1ed52b26-asycn.lock
17 silly addNameRange { name: 'asycn', range: '*', hasData: false }
18 verbose request where is /asycn
19 verbose request registry https://registry.npmjs.org/
20 verbose request id b2758b7c1d42384a
21 verbose url raw /asycn
22 verbose url resolving [ 'https://registry.npmjs.org/', './asycn' ]
23 verbose url resolved https://registry.npmjs.org/asycn
24 verbose request where is https://registry.npmjs.org/asycn
25 info trying registry request attempt 1 at 18:34:37
26 verbose etag "2NB90R9IYVASA9ALKENM3GCIA"
27 http GET https://registry.npmjs.org/asycn
28 http 404 https://registry.npmjs.org/asycn
29 silly registry.get cb [ 404,
29 silly registry.get   { server: 'CouchDB/1.5.0 (Erlang OTP/R16B03)',
29 silly registry.get     etag: '"2NB90R9IYVASA9ALKENM3GCIA"',
29 silly registry.get     'content-type': 'application/json',
29 silly registry.get     'cache-control': 'max-age=0',
29 silly registry.get     'content-length': '395',
29 silly registry.get     'accept-ranges': 'bytes',
29 silly registry.get     date: 'Sat, 19 Dec 2015 23:34:37 GMT',
29 silly registry.get     via: '1.1 varnish',
29 silly registry.get     age: '0',
29 silly registry.get     connection: 'keep-alive',
29 silly registry.get     'x-served-by': 'cache-lax1422-LAX',
29 silly registry.get     'x-cache': 'MISS',
29 silly registry.get     'x-cache-hits': '0',
29 silly registry.get     'x-timer': 'S1450568077.658658,VS0,VE205',
29 silly registry.get     vary: 'Accept' } ]
30 silly lockFile 1ed52b26-asycn asycn@
31 silly lockFile 1ed52b26-asycn asycn@
32 error 404 Not Found
32 error 404
32 error 404 'asycn' is not in the npm registry.
32 error 404 You should bug the author to publish it
32 error 404 It was specified as a dependency of 'rss_monitor'
32 error 404
32 error 404 Note that you can also install from a
32 error 404 tarball, folder, or http url, or git url.
33 error System Darwin 14.5.0
34 error command "node" "/usr/local/bin/npm" "install" "asycn" "--save"
35 error cwd /Applications/MAMP/htdocs/dan/rss_monitor
36 error node -v v0.10.40
37 error npm -v 1.4.28
38 error code E404
39 verbose exit [ 1, true ]
